==10394== Memcheck, a memory error detector
==10394== Copyright (C) 2002-2013, and GNU GPL'd, by Julian Seward et al.
==10394== Using Valgrind-3.10.1 and LibVEX; rerun with -h for copyright info
==10394== Command: ../../build-processDir-Desktop-Release/processDir /media/navid/D410CF4E10CF3670/00Khazaee-DONotDelete-09132943946/DB/new-cut/7.mp4 ../../DATA/merged/7.ant.merged ../../test/output-alg/
==10394== 
USING CUDA
==10394== Warning: noted but unhandled ioctl 0x30000001 with no size/direction hints.
==10394==    This could cause spurious value errors to appear.
==10394==    See README_MISSING_SYSCALL_OR_IOCTL for guidance on writing a proper wrapper.
==10394== Warning: set address range perms: large range [0x200000000, 0x500000000) (noaccess)
==10394== Warning: set address range perms: large range [0x500000000, 0x700000000) (noaccess)
==10394== Warning: set address range perms: large range [0x900000000, 0xb00000000) (noaccess)
==10394== Use of uninitialised value of size 8
==10394==    at 0x5B1AAC0: cv::CvtColorLoop_Invoker<cv::RGB2Gray<unsigned char> >::operator()(cv::Range const&) const (in /usr/local/lib/libopencv_imgproc.so.3.0.0)
==10394==    by 0x75CBF74: cv::parallel_for_(cv::Range const&, cv::ParallelLoopBody const&, double) (in /usr/local/lib/libopencv_core.so.3.0.0)
==10394==    by 0x5B42D91: cv::cvtColor(cv::_InputArray const&, cv::_OutputArray const&, int, int) (in /usr/local/lib/libopencv_imgproc.so.3.0.0)
==10394==    by 0x40C5EA: nkhMain(boost::filesystem::path, boost::filesystem::path, boost::filesystem::path) (in /home/navid/nkhThesis/nkhThesis-AUT-UTP/build-processDir-Desktop-Release/processDir)
==10394==    by 0x403DB9: main (in /home/navid/nkhThesis/nkhThesis-AUT-UTP/build-processDir-Desktop-Release/processDir)
==10394== 
==10394== Use of uninitialised value of size 8
==10394==    at 0x5B1AAC4: cv::CvtColorLoop_Invoker<cv::RGB2Gray<unsigned char> >::operator()(cv::Range const&) const (in /usr/local/lib/libopencv_imgproc.so.3.0.0)
==10394==    by 0x75CBF74: cv::parallel_for_(cv::Range const&, cv::ParallelLoopBody const&, double) (in /usr/local/lib/libopencv_core.so.3.0.0)
==10394==    by 0x5B42D91: cv::cvtColor(cv::_InputArray const&, cv::_OutputArray const&, int, int) (in /usr/local/lib/libopencv_imgproc.so.3.0.0)
==10394==    by 0x40C5EA: nkhMain(boost::filesystem::path, boost::filesystem::path, boost::filesystem::path) (in /home/navid/nkhThesis/nkhThesis-AUT-UTP/build-processDir-Desktop-Release/processDir)
==10394==    by 0x403DB9: main (in /home/navid/nkhThesis/nkhThesis-AUT-UTP/build-processDir-Desktop-Release/processDir)
==10394== 
==10394== Use of uninitialised value of size 8
==10394==    at 0x5B1AAD4: cv::CvtColorLoop_Invoker<cv::RGB2Gray<unsigned char> >::operator()(cv::Range const&) const (in /usr/local/lib/libopencv_imgproc.so.3.0.0)
==10394==    by 0x75CBF74: cv::parallel_for_(cv::Range const&, cv::ParallelLoopBody const&, double) (in /usr/local/lib/libopencv_core.so.3.0.0)
==10394==    by 0x5B42D91: cv::cvtColor(cv::_InputArray const&, cv::_OutputArray const&, int, int) (in /usr/local/lib/libopencv_imgproc.so.3.0.0)
==10394==    by 0x40C5EA: nkhMain(boost::filesystem::path, boost::filesystem::path, boost::filesystem::path) (in /home/navid/nkhThesis/nkhThesis-AUT-UTP/build-processDir-Desktop-Release/processDir)
==10394==    by 0x403DB9: main (in /home/navid/nkhThesis/nkhThesis-AUT-UTP/build-processDir-Desktop-Release/processDir)
==10394== 
==10394== Conditional jump or move depends on uninitialised value(s)
==10394==    at 0x873BDB2: __ieee754_pow_sse2 (e_pow.c:71)
==10394==    by 0x874D9AB: pow (w_pow.c:27)
==10394==    by 0x4048A9: recursiveFilterHorizontal(cv::Mat&, cv::Mat&, double) (in /home/navid/nkhThesis/nkhThesis-AUT-UTP/build-processDir-Desktop-Release/processDir)
==10394==    by 0x405023: domainTransformFilter(cv::Mat&, cv::Mat&, cv::Mat&, double, double, int) (in /home/navid/nkhThesis/nkhThesis-AUT-UTP/build-processDir-Desktop-Release/processDir)
==10394==    by 0x405493: edgeAwareSmooth(cv::Mat&, cv::Mat&) (in /home/navid/nkhThesis/nkhThesis-AUT-UTP/build-processDir-Desktop-Release/processDir)
==10394==    by 0x40CBBA: nkhMain(boost::filesystem::path, boost::filesystem::path, boost::filesystem::path) (in /home/navid/nkhThesis/nkhThesis-AUT-UTP/build-processDir-Desktop-Release/processDir)
==10394==    by 0x403DB9: main (in /home/navid/nkhThesis/nkhThesis-AUT-UTP/build-processDir-Desktop-Release/processDir)
==10394== 
==10394== Conditional jump or move depends on uninitialised value(s)
==10394==    at 0x873BDEA: __ieee754_pow_sse2 (e_pow.c:88)
==10394==    by 0x874D9AB: pow (w_pow.c:27)
==10394==    by 0x4048A9: recursiveFilterHorizontal(cv::Mat&, cv::Mat&, double) (in /home/navid/nkhThesis/nkhThesis-AUT-UTP/build-processDir-Desktop-Release/processDir)
==10394==    by 0x405023: domainTransformFilter(cv::Mat&, cv::Mat&, cv::Mat&, double, double, int) (in /home/navid/nkhThesis/nkhThesis-AUT-UTP/build-processDir-Desktop-Release/processDir)
==10394==    by 0x405493: edgeAwareSmooth(cv::Mat&, cv::Mat&) (in /home/navid/nkhThesis/nkhThesis-AUT-UTP/build-processDir-Desktop-Release/processDir)
==10394==    by 0x40CBBA: nkhMain(boost::filesystem::path, boost::filesystem::path, boost::filesystem::path) (in /home/navid/nkhThesis/nkhThesis-AUT-UTP/build-processDir-Desktop-Release/processDir)
==10394==    by 0x403DB9: main (in /home/navid/nkhThesis/nkhThesis-AUT-UTP/build-processDir-Desktop-Release/processDir)
==10394== 
==10394== Conditional jump or move depends on uninitialised value(s)
==10394==    at 0x873BE10: __ieee754_pow_sse2 (e_pow.c:98)
==10394==    by 0x874D9AB: pow (w_pow.c:27)
==10394==    by 0x4048A9: recursiveFilterHorizontal(cv::Mat&, cv::Mat&, double) (in /home/navid/nkhThesis/nkhThesis-AUT-UTP/build-processDir-Desktop-Release/processDir)
==10394==    by 0x405023: domainTransformFilter(cv::Mat&, cv::Mat&, cv::Mat&, double, double, int) (in /home/navid/nkhThesis/nkhThesis-AUT-UTP/build-processDir-Desktop-Release/processDir)
==10394==    by 0x405493: edgeAwareSmooth(cv::Mat&, cv::Mat&) (in /home/navid/nkhThesis/nkhThesis-AUT-UTP/build-processDir-Desktop-Release/processDir)
==10394==    by 0x40CBBA: nkhMain(boost::filesystem::path, boost::filesystem::path, boost::filesystem::path) (in /home/navid/nkhThesis/nkhThesis-AUT-UTP/build-processDir-Desktop-Release/processDir)
==10394==    by 0x403DB9: main (in /home/navid/nkhThesis/nkhThesis-AUT-UTP/build-processDir-Desktop-Release/processDir)
==10394== 
==10394== Conditional jump or move depends on uninitialised value(s)
==10394==    at 0x873BE27: __ieee754_pow_sse2 (e_pow.c:98)
==10394==    by 0x874D9AB: pow (w_pow.c:27)
==10394==    by 0x4048A9: recursiveFilterHorizontal(cv::Mat&, cv::Mat&, double) (in /home/navid/nkhThesis/nkhThesis-AUT-UTP/build-processDir-Desktop-Release/processDir)
==10394==    by 0x405023: domainTransformFilter(cv::Mat&, cv::Mat&, cv::Mat&, double, double, int) (in /home/navid/nkhThesis/nkhThesis-AUT-UTP/build-processDir-Desktop-Release/processDir)
==10394==    by 0x405493: edgeAwareSmooth(cv::Mat&, cv::Mat&) (in /home/navid/nkhThesis/nkhThesis-AUT-UTP/build-processDir-Desktop-Release/processDir)
==10394==    by 0x40CBBA: nkhMain(boost::filesystem::path, boost::filesystem::path, boost::filesystem::path) (in /home/navid/nkhThesis/nkhThesis-AUT-UTP/build-processDir-Desktop-Release/processDir)
==10394==    by 0x403DB9: main (in /home/navid/nkhThesis/nkhThesis-AUT-UTP/build-processDir-Desktop-Release/processDir)
==10394== 
==10394== Conditional jump or move depends on uninitialised value(s)
==10394==    at 0x873C056: __ieee754_pow_sse2 (e_pow.c:111)
==10394==    by 0x874D9AB: pow (w_pow.c:27)
==10394==    by 0x4048A9: recursiveFilterHorizontal(cv::Mat&, cv::Mat&, double) (in /home/navid/nkhThesis/nkhThesis-AUT-UTP/build-processDir-Desktop-Release/processDir)
==10394==    by 0x405023: domainTransformFilter(cv::Mat&, cv::Mat&, cv::Mat&, double, double, int) (in /home/navid/nkhThesis/nkhThesis-AUT-UTP/build-processDir-Desktop-Release/processDir)
==10394==    by 0x405493: edgeAwareSmooth(cv::Mat&, cv::Mat&) (in /home/navid/nkhThesis/nkhThesis-AUT-UTP/build-processDir-Desktop-Release/processDir)
==10394==    by 0x40CBBA: nkhMain(boost::filesystem::path, boost::filesystem::path, boost::filesystem::path) (in /home/navid/nkhThesis/nkhThesis-AUT-UTP/build-processDir-Desktop-Release/processDir)
==10394==    by 0x403DB9: main (in /home/navid/nkhThesis/nkhThesis-AUT-UTP/build-processDir-Desktop-Release/processDir)
==10394== 
==10394== Conditional jump or move depends on uninitialised value(s)
==10394==    at 0x87378AA: __exp1 (e_exp.c:244)
==10394==    by 0x873C098: __ieee754_pow_sse2 (e_pow.c:112)
==10394==    by 0x874D9AB: pow (w_pow.c:27)
==10394==    by 0x4048A9: recursiveFilterHorizontal(cv::Mat&, cv::Mat&, double) (in /home/navid/nkhThesis/nkhThesis-AUT-UTP/build-processDir-Desktop-Release/processDir)
==10394==    by 0x405023: domainTransformFilter(cv::Mat&, cv::Mat&, cv::Mat&, double, double, int) (in /home/navid/nkhThesis/nkhThesis-AUT-UTP/build-processDir-Desktop-Release/processDir)
==10394==    by 0x405493: edgeAwareSmooth(cv::Mat&, cv::Mat&) (in /home/navid/nkhThesis/nkhThesis-AUT-UTP/build-processDir-Desktop-Release/processDir)
==10394==    by 0x40CBBA: nkhMain(boost::filesystem::path, boost::filesystem::path, boost::filesystem::path) (in /home/navid/nkhThesis/nkhThesis-AUT-UTP/build-processDir-Desktop-Release/processDir)
==10394==    by 0x403DB9: main (in /home/navid/nkhThesis/nkhThesis-AUT-UTP/build-processDir-Desktop-Release/processDir)
==10394== 
==10394== Use of uninitialised value of size 8
==10394==    at 0x8737994: __exp1 (e_exp.c:266)
==10394==    by 0x873C098: __ieee754_pow_sse2 (e_pow.c:112)
==10394==    by 0x874D9AB: pow (w_pow.c:27)
==10394==    by 0x4048A9: recursiveFilterHorizontal(cv::Mat&, cv::Mat&, double) (in /home/navid/nkhThesis/nkhThesis-AUT-UTP/build-processDir-Desktop-Release/processDir)
==10394==    by 0x405023: domainTransformFilter(cv::Mat&, cv::Mat&, cv::Mat&, double, double, int) (in /home/navid/nkhThesis/nkhThesis-AUT-UTP/build-processDir-Desktop-Release/processDir)
==10394==    by 0x405493: edgeAwareSmooth(cv::Mat&, cv::Mat&) (in /home/navid/nkhThesis/nkhThesis-AUT-UTP/build-processDir-Desktop-Release/processDir)
==10394==    by 0x40CBBA: nkhMain(boost::filesystem::path, boost::filesystem::path, boost::filesystem::path) (in /home/navid/nkhThesis/nkhThesis-AUT-UTP/build-processDir-Desktop-Release/processDir)
==10394==    by 0x403DB9: main (in /home/navid/nkhThesis/nkhThesis-AUT-UTP/build-processDir-Desktop-Release/processDir)
==10394== 
==10394== Use of uninitialised value of size 8
==10394==    at 0x873799D: __exp1 (e_exp.c:265)
==10394==    by 0x873C098: __ieee754_pow_sse2 (e_pow.c:112)
==10394==    by 0x874D9AB: pow (w_pow.c:27)
==10394==    by 0x4048A9: recursiveFilterHorizontal(cv::Mat&, cv::Mat&, double) (in /home/navid/nkhThesis/nkhThesis-AUT-UTP/build-processDir-Desktop-Release/processDir)
==10394==    by 0x405023: domainTransformFilter(cv::Mat&, cv::Mat&, cv::Mat&, double, double, int) (in /home/navid/nkhThesis/nkhThesis-AUT-UTP/build-processDir-Desktop-Release/processDir)
==10394==    by 0x405493: edgeAwareSmooth(cv::Mat&, cv::Mat&) (in /home/navid/nkhThesis/nkhThesis-AUT-UTP/build-processDir-Desktop-Release/processDir)
==10394==    by 0x40CBBA: nkhMain(boost::filesystem::path, boost::filesystem::path, boost::filesystem::path) (in /home/navid/nkhThesis/nkhThesis-AUT-UTP/build-processDir-Desktop-Release/processDir)
==10394==    by 0x403DB9: main (in /home/navid/nkhThesis/nkhThesis-AUT-UTP/build-processDir-Desktop-Release/processDir)
==10394== 
==10394== Use of uninitialised value of size 8
==10394==    at 0x87379AD: __exp1 (e_exp.c:265)
==10394==    by 0x873C098: __ieee754_pow_sse2 (e_pow.c:112)
==10394==    by 0x874D9AB: pow (w_pow.c:27)
==10394==    by 0x4048A9: recursiveFilterHorizontal(cv::Mat&, cv::Mat&, double) (in /home/navid/nkhThesis/nkhThesis-AUT-UTP/build-processDir-Desktop-Release/processDir)
==10394==    by 0x405023: domainTransformFilter(cv::Mat&, cv::Mat&, cv::Mat&, double, double, int) (in /home/navid/nkhThesis/nkhThesis-AUT-UTP/build-processDir-Desktop-Release/processDir)
==10394==    by 0x405493: edgeAwareSmooth(cv::Mat&, cv::Mat&) (in /home/navid/nkhThesis/nkhThesis-AUT-UTP/build-processDir-Desktop-Release/processDir)
==10394==    by 0x40CBBA: nkhMain(boost::filesystem::path, boost::filesystem::path, boost::filesystem::path) (in /home/navid/nkhThesis/nkhThesis-AUT-UTP/build-processDir-Desktop-Release/processDir)
==10394==    by 0x403DB9: main (in /home/navid/nkhThesis/nkhThesis-AUT-UTP/build-processDir-Desktop-Release/processDir)
==10394== 
==10394== Use of uninitialised value of size 8
==10394==    at 0x87379B3: __exp1 (e_exp.c:266)
==10394==    by 0x873C098: __ieee754_pow_sse2 (e_pow.c:112)
==10394==    by 0x874D9AB: pow (w_pow.c:27)
==10394==    by 0x4048A9: recursiveFilterHorizontal(cv::Mat&, cv::Mat&, double) (in /home/navid/nkhThesis/nkhThesis-AUT-UTP/build-processDir-Desktop-Release/processDir)
==10394==    by 0x405023: domainTransformFilter(cv::Mat&, cv::Mat&, cv::Mat&, double, double, int) (in /home/navid/nkhThesis/nkhThesis-AUT-UTP/build-processDir-Desktop-Release/processDir)
==10394==    by 0x405493: edgeAwareSmooth(cv::Mat&, cv::Mat&) (in /home/navid/nkhThesis/nkhThesis-AUT-UTP/build-processDir-Desktop-Release/processDir)
==10394==    by 0x40CBBA: nkhMain(boost::filesystem::path, boost::filesystem::path, boost::filesystem::path) (in /home/navid/nkhThesis/nkhThesis-AUT-UTP/build-processDir-Desktop-Release/processDir)
==10394==    by 0x403DB9: main (in /home/navid/nkhThesis/nkhThesis-AUT-UTP/build-processDir-Desktop-Release/processDir)
==10394== 
==10394== Conditional jump or move depends on uninitialised value(s)
==10394==    at 0x8737A04: __exp1 (e_exp.c:272)
==10394==    by 0x873C098: __ieee754_pow_sse2 (e_pow.c:112)
==10394==    by 0x874D9AB: pow (w_pow.c:27)
==10394==    by 0x4048A9: recursiveFilterHorizontal(cv::Mat&, cv::Mat&, double) (in /home/navid/nkhThesis/nkhThesis-AUT-UTP/build-processDir-Desktop-Release/processDir)
==10394==    by 0x405023: domainTransformFilter(cv::Mat&, cv::Mat&, cv::Mat&, double, double, int) (in /home/navid/nkhThesis/nkhThesis-AUT-UTP/build-processDir-Desktop-Release/processDir)
==10394==    by 0x405493: edgeAwareSmooth(cv::Mat&, cv::Mat&) (in /home/navid/nkhThesis/nkhThesis-AUT-UTP/build-processDir-Desktop-Release/processDir)
==10394==    by 0x40CBBA: nkhMain(boost::filesystem::path, boost::filesystem::path, boost::filesystem::path) (in /home/navid/nkhThesis/nkhThesis-AUT-UTP/build-processDir-Desktop-Release/processDir)
==10394==    by 0x403DB9: main (in /home/navid/nkhThesis/nkhThesis-AUT-UTP/build-processDir-Desktop-Release/processDir)
==10394== 
==10394== Conditional jump or move depends on uninitialised value(s)
==10394==    at 0x8737BB0: __exp1 (e_exp.c:272)
==10394==    by 0x873C098: __ieee754_pow_sse2 (e_pow.c:112)
==10394==    by 0x874D9AB: pow (w_pow.c:27)
==10394==    by 0x4048A9: recursiveFilterHorizontal(cv::Mat&, cv::Mat&, double) (in /home/navid/nkhThesis/nkhThesis-AUT-UTP/build-processDir-Desktop-Release/processDir)
==10394==    by 0x405023: domainTransformFilter(cv::Mat&, cv::Mat&, cv::Mat&, double, double, int) (in /home/navid/nkhThesis/nkhThesis-AUT-UTP/build-processDir-Desktop-Release/processDir)
==10394==    by 0x405493: edgeAwareSmooth(cv::Mat&, cv::Mat&) (in /home/navid/nkhThesis/nkhThesis-AUT-UTP/build-processDir-Desktop-Release/processDir)
==10394==    by 0x40CBBA: nkhMain(boost::filesystem::path, boost::filesystem::path, boost::filesystem::path) (in /home/navid/nkhThesis/nkhThesis-AUT-UTP/build-processDir-Desktop-Release/processDir)
==10394==    by 0x403DB9: main (in /home/navid/nkhThesis/nkhThesis-AUT-UTP/build-processDir-Desktop-Release/processDir)
==10394== 
==10394== Conditional jump or move depends on uninitialised value(s)
==10394==    at 0x873C0C9: __ieee754_pow_sse2 (e_pow.c:113)
==10394==    by 0x874D9AB: pow (w_pow.c:27)
==10394==    by 0x4048A9: recursiveFilterHorizontal(cv::Mat&, cv::Mat&, double) (in /home/navid/nkhThesis/nkhThesis-AUT-UTP/build-processDir-Desktop-Release/processDir)
==10394==    by 0x405023: domainTransformFilter(cv::Mat&, cv::Mat&, cv::Mat&, double, double, int) (in /home/navid/nkhThesis/nkhThesis-AUT-UTP/build-processDir-Desktop-Release/processDir)
==10394==    by 0x405493: edgeAwareSmooth(cv::Mat&, cv::Mat&) (in /home/navid/nkhThesis/nkhThesis-AUT-UTP/build-processDir-Desktop-Release/processDir)
==10394==    by 0x40CBBA: nkhMain(boost::filesystem::path, boost::filesystem::path, boost::filesystem::path) (in /home/navid/nkhThesis/nkhThesis-AUT-UTP/build-processDir-Desktop-Release/processDir)
==10394==    by 0x403DB9: main (in /home/navid/nkhThesis/nkhThesis-AUT-UTP/build-processDir-Desktop-Release/processDir)
==10394== 
==10394== Conditional jump or move depends on uninitialised value(s)
==10394==    at 0x874D9D6: pow (w_pow.c:28)
==10394==    by 0x4048A9: recursiveFilterHorizontal(cv::Mat&, cv::Mat&, double) (in /home/navid/nkhThesis/nkhThesis-AUT-UTP/build-processDir-Desktop-Release/processDir)
==10394==    by 0x405023: domainTransformFilter(cv::Mat&, cv::Mat&, cv::Mat&, double, double, int) (in /home/navid/nkhThesis/nkhThesis-AUT-UTP/build-processDir-Desktop-Release/processDir)
==10394==    by 0x405493: edgeAwareSmooth(cv::Mat&, cv::Mat&) (in /home/navid/nkhThesis/nkhThesis-AUT-UTP/build-processDir-Desktop-Release/processDir)
==10394==    by 0x40CBBA: nkhMain(boost::filesystem::path, boost::filesystem::path, boost::filesystem::path) (in /home/navid/nkhThesis/nkhThesis-AUT-UTP/build-processDir-Desktop-Release/processDir)
==10394==    by 0x403DB9: main (in /home/navid/nkhThesis/nkhThesis-AUT-UTP/build-processDir-Desktop-Release/processDir)
==10394== 
==10394== Conditional jump or move depends on uninitialised value(s)
==10394==    at 0x874D9E0: pow (w_pow.c:58)
==10394==    by 0x4048A9: recursiveFilterHorizontal(cv::Mat&, cv::Mat&, double) (in /home/navid/nkhThesis/nkhThesis-AUT-UTP/build-processDir-Desktop-Release/processDir)
==10394==    by 0x405023: domainTransformFilter(cv::Mat&, cv::Mat&, cv::Mat&, double, double, int) (in /home/navid/nkhThesis/nkhThesis-AUT-UTP/build-processDir-Desktop-Release/processDir)
==10394==    by 0x405493: edgeAwareSmooth(cv::Mat&, cv::Mat&) (in /home/navid/nkhThesis/nkhThesis-AUT-UTP/build-processDir-Desktop-Release/processDir)
==10394==    by 0x40CBBA: nkhMain(boost::filesystem::path, boost::filesystem::path, boost::filesystem::path) (in /home/navid/nkhThesis/nkhThesis-AUT-UTP/build-processDir-Desktop-Release/processDir)
==10394==    by 0x403DB9: main (in /home/navid/nkhThesis/nkhThesis-AUT-UTP/build-processDir-Desktop-Release/processDir)
==10394== 
==10394== Conditional jump or move depends on uninitialised value(s)
==10394==    at 0x874DA30: pow (w_pow.c:58)
==10394==    by 0x4048A9: recursiveFilterHorizontal(cv::Mat&, cv::Mat&, double) (in /home/navid/nkhThesis/nkhThesis-AUT-UTP/build-processDir-Desktop-Release/processDir)
==10394==    by 0x405023: domainTransformFilter(cv::Mat&, cv::Mat&, cv::Mat&, double, double, int) (in /home/navid/nkhThesis/nkhThesis-AUT-UTP/build-processDir-Desktop-Release/processDir)
==10394==    by 0x405493: edgeAwareSmooth(cv::Mat&, cv::Mat&) (in /home/navid/nkhThesis/nkhThesis-AUT-UTP/build-processDir-Desktop-Release/processDir)
==10394==    by 0x40CBBA: nkhMain(boost::filesystem::path, boost::filesystem::path, boost::filesystem::path) (in /home/navid/nkhThesis/nkhThesis-AUT-UTP/build-processDir-Desktop-Release/processDir)
==10394==    by 0x403DB9: main (in /home/navid/nkhThesis/nkhThesis-AUT-UTP/build-processDir-Desktop-Release/processDir)
==10394== 
==10394== Conditional jump or move depends on uninitialised value(s)
==10394==    at 0x873C119: __ieee754_pow_sse2 (e_pow.c:77)
==10394==    by 0x874D9AB: pow (w_pow.c:27)
==10394==    by 0x4048A9: recursiveFilterHorizontal(cv::Mat&, cv::Mat&, double) (in /home/navid/nkhThesis/nkhThesis-AUT-UTP/build-processDir-Desktop-Release/processDir)
==10394==    by 0x405023: domainTransformFilter(cv::Mat&, cv::Mat&, cv::Mat&, double, double, int) (in /home/navid/nkhThesis/nkhThesis-AUT-UTP/build-processDir-Desktop-Release/processDir)
==10394==    by 0x405493: edgeAwareSmooth(cv::Mat&, cv::Mat&) (in /home/navid/nkhThesis/nkhThesis-AUT-UTP/build-processDir-Desktop-Release/processDir)
==10394==    by 0x40CBBA: nkhMain(boost::filesystem::path, boost::filesystem::path, boost::filesystem::path) (in /home/navid/nkhThesis/nkhThesis-AUT-UTP/build-processDir-Desktop-Release/processDir)
==10394==    by 0x403DB9: main (in /home/navid/nkhThesis/nkhThesis-AUT-UTP/build-processDir-Desktop-Release/processDir)
==10394== 
==10394== Conditional jump or move depends on uninitialised value(s)
==10394==    at 0x873C234: __ieee754_pow_sse2 (e_pow.c:77)
==10394==    by 0x874D9AB: pow (w_pow.c:27)
==10394==    by 0x4048A9: recursiveFilterHorizontal(cv::Mat&, cv::Mat&, double) (in /home/navid/nkhThesis/nkhThesis-AUT-UTP/build-processDir-Desktop-Release/processDir)
==10394==    by 0x405023: domainTransformFilter(cv::Mat&, cv::Mat&, cv::Mat&, double, double, int) (in /home/navid/nkhThesis/nkhThesis-AUT-UTP/build-processDir-Desktop-Release/processDir)
==10394==    by 0x405493: edgeAwareSmooth(cv::Mat&, cv::Mat&) (in /home/navid/nkhThesis/nkhThesis-AUT-UTP/build-processDir-Desktop-Release/processDir)
==10394==    by 0x40CBBA: nkhMain(boost::filesystem::path, boost::filesystem::path, boost::filesystem::path) (in /home/navid/nkhThesis/nkhThesis-AUT-UTP/build-processDir-Desktop-Release/processDir)
==10394==    by 0x403DB9: main (in /home/navid/nkhThesis/nkhThesis-AUT-UTP/build-processDir-Desktop-Release/processDir)
==10394== 
==10394== Conditional jump or move depends on uninitialised value(s)
==10394==    at 0x873BDB2: __ieee754_pow_sse2 (e_pow.c:71)
==10394==    by 0x874D9AB: pow (w_pow.c:27)
==10394==    by 0x40444D: recursiveFilterVertical(cv::Mat&, cv::Mat&, double) (in /home/navid/nkhThesis/nkhThesis-AUT-UTP/build-processDir-Desktop-Release/processDir)
==10394==    by 0x405035: domainTransformFilter(cv::Mat&, cv::Mat&, cv::Mat&, double, double, int) (in /home/navid/nkhThesis/nkhThesis-AUT-UTP/build-processDir-Desktop-Release/processDir)
==10394==    by 0x405493: edgeAwareSmooth(cv::Mat&, cv::Mat&) (in /home/navid/nkhThesis/nkhThesis-AUT-UTP/build-processDir-Desktop-Release/processDir)
==10394==    by 0x40CBBA: nkhMain(boost::filesystem::path, boost::filesystem::path, boost::filesystem::path) (in /home/navid/nkhThesis/nkhThesis-AUT-UTP/build-processDir-Desktop-Release/processDir)
==10394==    by 0x403DB9: main (in /home/navid/nkhThesis/nkhThesis-AUT-UTP/build-processDir-Desktop-Release/processDir)
==10394== 
==10394== Conditional jump or move depends on uninitialised value(s)
==10394==    at 0x873BDEA: __ieee754_pow_sse2 (e_pow.c:88)
==10394==    by 0x874D9AB: pow (w_pow.c:27)
==10394==    by 0x40444D: recursiveFilterVertical(cv::Mat&, cv::Mat&, double) (in /home/navid/nkhThesis/nkhThesis-AUT-UTP/build-processDir-Desktop-Release/processDir)
==10394==    by 0x405035: domainTransformFilter(cv::Mat&, cv::Mat&, cv::Mat&, double, double, int) (in /home/navid/nkhThesis/nkhThesis-AUT-UTP/build-processDir-Desktop-Release/processDir)
==10394==    by 0x405493: edgeAwareSmooth(cv::Mat&, cv::Mat&) (in /home/navid/nkhThesis/nkhThesis-AUT-UTP/build-processDir-Desktop-Release/processDir)
==10394==    by 0x40CBBA: nkhMain(boost::filesystem::path, boost::filesystem::path, boost::filesystem::path) (in /home/navid/nkhThesis/nkhThesis-AUT-UTP/build-processDir-Desktop-Release/processDir)
==10394==    by 0x403DB9: main (in /home/navid/nkhThesis/nkhThesis-AUT-UTP/build-processDir-Desktop-Release/processDir)
==10394== 
==10394== Conditional jump or move depends on uninitialised value(s)
==10394==    at 0x873BE10: __ieee754_pow_sse2 (e_pow.c:98)
==10394==    by 0x874D9AB: pow (w_pow.c:27)
==10394==    by 0x40444D: recursiveFilterVertical(cv::Mat&, cv::Mat&, double) (in /home/navid/nkhThesis/nkhThesis-AUT-UTP/build-processDir-Desktop-Release/processDir)
==10394==    by 0x405035: domainTransformFilter(cv::Mat&, cv::Mat&, cv::Mat&, double, double, int) (in /home/navid/nkhThesis/nkhThesis-AUT-UTP/build-processDir-Desktop-Release/processDir)
==10394==    by 0x405493: edgeAwareSmooth(cv::Mat&, cv::Mat&) (in /home/navid/nkhThesis/nkhThesis-AUT-UTP/build-processDir-Desktop-Release/processDir)
==10394==    by 0x40CBBA: nkhMain(boost::filesystem::path, boost::filesystem::path, boost::filesystem::path) (in /home/navid/nkhThesis/nkhThesis-AUT-UTP/build-processDir-Desktop-Release/processDir)
==10394==    by 0x403DB9: main (in /home/navid/nkhThesis/nkhThesis-AUT-UTP/build-processDir-Desktop-Release/processDir)
==10394== 
==10394== Conditional jump or move depends on uninitialised value(s)
==10394==    at 0x873BE27: __ieee754_pow_sse2 (e_pow.c:98)
==10394==    by 0x874D9AB: pow (w_pow.c:27)
==10394==    by 0x40444D: recursiveFilterVertical(cv::Mat&, cv::Mat&, double) (in /home/navid/nkhThesis/nkhThesis-AUT-UTP/build-processDir-Desktop-Release/processDir)
==10394==    by 0x405035: domainTransformFilter(cv::Mat&, cv::Mat&, cv::Mat&, double, double, int) (in /home/navid/nkhThesis/nkhThesis-AUT-UTP/build-processDir-Desktop-Release/processDir)
==10394==    by 0x405493: edgeAwareSmooth(cv::Mat&, cv::Mat&) (in /home/navid/nkhThesis/nkhThesis-AUT-UTP/build-processDir-Desktop-Release/processDir)
==10394==    by 0x40CBBA: nkhMain(boost::filesystem::path, boost::filesystem::path, boost::filesystem::path) (in /home/navid/nkhThesis/nkhThesis-AUT-UTP/build-processDir-Desktop-Release/processDir)
==10394==    by 0x403DB9: main (in /home/navid/nkhThesis/nkhThesis-AUT-UTP/build-processDir-Desktop-Release/processDir)
==10394== 
==10394== Conditional jump or move depends on uninitialised value(s)
==10394==    at 0x873C056: __ieee754_pow_sse2 (e_pow.c:111)
==10394==    by 0x874D9AB: pow (w_pow.c:27)
==10394==    by 0x40444D: recursiveFilterVertical(cv::Mat&, cv::Mat&, double) (in /home/navid/nkhThesis/nkhThesis-AUT-UTP/build-processDir-Desktop-Release/processDir)
==10394==    by 0x405035: domainTransformFilter(cv::Mat&, cv::Mat&, cv::Mat&, double, double, int) (in /home/navid/nkhThesis/nkhThesis-AUT-UTP/build-processDir-Desktop-Release/processDir)
==10394==    by 0x405493: edgeAwareSmooth(cv::Mat&, cv::Mat&) (in /home/navid/nkhThesis/nkhThesis-AUT-UTP/build-processDir-Desktop-Release/processDir)
==10394==    by 0x40CBBA: nkhMain(boost::filesystem::path, boost::filesystem::path, boost::filesystem::path) (in /home/navid/nkhThesis/nkhThesis-AUT-UTP/build-processDir-Desktop-Release/processDir)
==10394==    by 0x403DB9: main (in /home/navid/nkhThesis/nkhThesis-AUT-UTP/build-processDir-Desktop-Release/processDir)
==10394== 
==10394== Conditional jump or move depends on uninitialised value(s)
==10394==    at 0x87378AA: __exp1 (e_exp.c:244)
==10394==    by 0x873C098: __ieee754_pow_sse2 (e_pow.c:112)
==10394==    by 0x874D9AB: pow (w_pow.c:27)
==10394==    by 0x40444D: recursiveFilterVertical(cv::Mat&, cv::Mat&, double) (in /home/navid/nkhThesis/nkhThesis-AUT-UTP/build-processDir-Desktop-Release/processDir)
==10394==    by 0x405035: domainTransformFilter(cv::Mat&, cv::Mat&, cv::Mat&, double, double, int) (in /home/navid/nkhThesis/nkhThesis-AUT-UTP/build-processDir-Desktop-Release/processDir)
==10394==    by 0x405493: edgeAwareSmooth(cv::Mat&, cv::Mat&) (in /home/navid/nkhThesis/nkhThesis-AUT-UTP/build-processDir-Desktop-Release/processDir)
==10394==    by 0x40CBBA: nkhMain(boost::filesystem::path, boost::filesystem::path, boost::filesystem::path) (in /home/navid/nkhThesis/nkhThesis-AUT-UTP/build-processDir-Desktop-Release/processDir)
==10394==    by 0x403DB9: main (in /home/navid/nkhThesis/nkhThesis-AUT-UTP/build-processDir-Desktop-Release/processDir)
==10394== 
==10394== Use of uninitialised value of size 8
==10394==    at 0x8737994: __exp1 (e_exp.c:266)
==10394==    by 0x873C098: __ieee754_pow_sse2 (e_pow.c:112)
==10394==    by 0x874D9AB: pow (w_pow.c:27)
==10394==    by 0x40444D: recursiveFilterVertical(cv::Mat&, cv::Mat&, double) (in /home/navid/nkhThesis/nkhThesis-AUT-UTP/build-processDir-Desktop-Release/processDir)
==10394==    by 0x405035: domainTransformFilter(cv::Mat&, cv::Mat&, cv::Mat&, double, double, int) (in /home/navid/nkhThesis/nkhThesis-AUT-UTP/build-processDir-Desktop-Release/processDir)
==10394==    by 0x405493: edgeAwareSmooth(cv::Mat&, cv::Mat&) (in /home/navid/nkhThesis/nkhThesis-AUT-UTP/build-processDir-Desktop-Release/processDir)
==10394==    by 0x40CBBA: nkhMain(boost::filesystem::path, boost::filesystem::path, boost::filesystem::path) (in /home/navid/nkhThesis/nkhThesis-AUT-UTP/build-processDir-Desktop-Release/processDir)
==10394==    by 0x403DB9: main (in /home/navid/nkhThesis/nkhThesis-AUT-UTP/build-processDir-Desktop-Release/processDir)
==10394== 
==10394== Use of uninitialised value of size 8
==10394==    at 0x873799D: __exp1 (e_exp.c:265)
==10394==    by 0x873C098: __ieee754_pow_sse2 (e_pow.c:112)
==10394==    by 0x874D9AB: pow (w_pow.c:27)
==10394==    by 0x40444D: recursiveFilterVertical(cv::Mat&, cv::Mat&, double) (in /home/navid/nkhThesis/nkhThesis-AUT-UTP/build-processDir-Desktop-Release/processDir)
==10394==    by 0x405035: domainTransformFilter(cv::Mat&, cv::Mat&, cv::Mat&, double, double, int) (in /home/navid/nkhThesis/nkhThesis-AUT-UTP/build-processDir-Desktop-Release/processDir)
==10394==    by 0x405493: edgeAwareSmooth(cv::Mat&, cv::Mat&) (in /home/navid/nkhThesis/nkhThesis-AUT-UTP/build-processDir-Desktop-Release/processDir)
==10394==    by 0x40CBBA: nkhMain(boost::filesystem::path, boost::filesystem::path, boost::filesystem::path) (in /home/navid/nkhThesis/nkhThesis-AUT-UTP/build-processDir-Desktop-Release/processDir)
==10394==    by 0x403DB9: main (in /home/navid/nkhThesis/nkhThesis-AUT-UTP/build-processDir-Desktop-Release/processDir)
==10394== 
==10394== Use of uninitialised value of size 8
==10394==    at 0x87379AD: __exp1 (e_exp.c:265)
==10394==    by 0x873C098: __ieee754_pow_sse2 (e_pow.c:112)
==10394==    by 0x874D9AB: pow (w_pow.c:27)
==10394==    by 0x40444D: recursiveFilterVertical(cv::Mat&, cv::Mat&, double) (in /home/navid/nkhThesis/nkhThesis-AUT-UTP/build-processDir-Desktop-Release/processDir)
==10394==    by 0x405035: domainTransformFilter(cv::Mat&, cv::Mat&, cv::Mat&, double, double, int) (in /home/navid/nkhThesis/nkhThesis-AUT-UTP/build-processDir-Desktop-Release/processDir)
==10394==    by 0x405493: edgeAwareSmooth(cv::Mat&, cv::Mat&) (in /home/navid/nkhThesis/nkhThesis-AUT-UTP/build-processDir-Desktop-Release/processDir)
==10394==    by 0x40CBBA: nkhMain(boost::filesystem::path, boost::filesystem::path, boost::filesystem::path) (in /home/navid/nkhThesis/nkhThesis-AUT-UTP/build-processDir-Desktop-Release/processDir)
==10394==    by 0x403DB9: main (in /home/navid/nkhThesis/nkhThesis-AUT-UTP/build-processDir-Desktop-Release/processDir)
==10394== 
==10394== Use of uninitialised value of size 8
==10394==    at 0x87379B3: __exp1 (e_exp.c:266)
==10394==    by 0x873C098: __ieee754_pow_sse2 (e_pow.c:112)
==10394==    by 0x874D9AB: pow (w_pow.c:27)
==10394==    by 0x40444D: recursiveFilterVertical(cv::Mat&, cv::Mat&, double) (in /home/navid/nkhThesis/nkhThesis-AUT-UTP/build-processDir-Desktop-Release/processDir)
==10394==    by 0x405035: domainTransformFilter(cv::Mat&, cv::Mat&, cv::Mat&, double, double, int) (in /home/navid/nkhThesis/nkhThesis-AUT-UTP/build-processDir-Desktop-Release/processDir)
==10394==    by 0x405493: edgeAwareSmooth(cv::Mat&, cv::Mat&) (in /home/navid/nkhThesis/nkhThesis-AUT-UTP/build-processDir-Desktop-Release/processDir)
==10394==    by 0x40CBBA: nkhMain(boost::filesystem::path, boost::filesystem::path, boost::filesystem::path) (in /home/navid/nkhThesis/nkhThesis-AUT-UTP/build-processDir-Desktop-Release/processDir)
==10394==    by 0x403DB9: main (in /home/navid/nkhThesis/nkhThesis-AUT-UTP/build-processDir-Desktop-Release/processDir)
==10394== 
==10394== Conditional jump or move depends on uninitialised value(s)
==10394==    at 0x8737A04: __exp1 (e_exp.c:272)
==10394==    by 0x873C098: __ieee754_pow_sse2 (e_pow.c:112)
==10394==    by 0x874D9AB: pow (w_pow.c:27)
==10394==    by 0x40444D: recursiveFilterVertical(cv::Mat&, cv::Mat&, double) (in /home/navid/nkhThesis/nkhThesis-AUT-UTP/build-processDir-Desktop-Release/processDir)
==10394==    by 0x405035: domainTransformFilter(cv::Mat&, cv::Mat&, cv::Mat&, double, double, int) (in /home/navid/nkhThesis/nkhThesis-AUT-UTP/build-processDir-Desktop-Release/processDir)
==10394==    by 0x405493: edgeAwareSmooth(cv::Mat&, cv::Mat&) (in /home/navid/nkhThesis/nkhThesis-AUT-UTP/build-processDir-Desktop-Release/processDir)
==10394==    by 0x40CBBA: nkhMain(boost::filesystem::path, boost::filesystem::path, boost::filesystem::path) (in /home/navid/nkhThesis/nkhThesis-AUT-UTP/build-processDir-Desktop-Release/processDir)
==10394==    by 0x403DB9: main (in /home/navid/nkhThesis/nkhThesis-AUT-UTP/build-processDir-Desktop-Release/processDir)
==10394== 
==10394== Conditional jump or move depends on uninitialised value(s)
==10394==    at 0x8737BB0: __exp1 (e_exp.c:272)
==10394==    by 0x873C098: __ieee754_pow_sse2 (e_pow.c:112)
==10394==    by 0x874D9AB: pow (w_pow.c:27)
==10394==    by 0x40444D: recursiveFilterVertical(cv::Mat&, cv::Mat&, double) (in /home/navid/nkhThesis/nkhThesis-AUT-UTP/build-processDir-Desktop-Release/processDir)
==10394==    by 0x405035: domainTransformFilter(cv::Mat&, cv::Mat&, cv::Mat&, double, double, int) (in /home/navid/nkhThesis/nkhThesis-AUT-UTP/build-processDir-Desktop-Release/processDir)
==10394==    by 0x405493: edgeAwareSmooth(cv::Mat&, cv::Mat&) (in /home/navid/nkhThesis/nkhThesis-AUT-UTP/build-processDir-Desktop-Release/processDir)
==10394==    by 0x40CBBA: nkhMain(boost::filesystem::path, boost::filesystem::path, boost::filesystem::path) (in /home/navid/nkhThesis/nkhThesis-AUT-UTP/build-processDir-Desktop-Release/processDir)
==10394==    by 0x403DB9: main (in /home/navid/nkhThesis/nkhThesis-AUT-UTP/build-processDir-Desktop-Release/processDir)
==10394== 
==10394== Conditional jump or move depends on uninitialised value(s)
==10394==    at 0x873C0C9: __ieee754_pow_sse2 (e_pow.c:113)
==10394==    by 0x874D9AB: pow (w_pow.c:27)
==10394==    by 0x40444D: recursiveFilterVertical(cv::Mat&, cv::Mat&, double) (in /home/navid/nkhThesis/nkhThesis-AUT-UTP/build-processDir-Desktop-Release/processDir)
==10394==    by 0x405035: domainTransformFilter(cv::Mat&, cv::Mat&, cv::Mat&, double, double, int) (in /home/navid/nkhThesis/nkhThesis-AUT-UTP/build-processDir-Desktop-Release/processDir)
==10394==    by 0x405493: edgeAwareSmooth(cv::Mat&, cv::Mat&) (in /home/navid/nkhThesis/nkhThesis-AUT-UTP/build-processDir-Desktop-Release/processDir)
==10394==    by 0x40CBBA: nkhMain(boost::filesystem::path, boost::filesystem::path, boost::filesystem::path) (in /home/navid/nkhThesis/nkhThesis-AUT-UTP/build-processDir-Desktop-Release/processDir)
==10394==    by 0x403DB9: main (in /home/navid/nkhThesis/nkhThesis-AUT-UTP/build-processDir-Desktop-Release/processDir)
==10394== 
==10394== Conditional jump or move depends on uninitialised value(s)
==10394==    at 0x874D9D6: pow (w_pow.c:28)
==10394==    by 0x40444D: recursiveFilterVertical(cv::Mat&, cv::Mat&, double) (in /home/navid/nkhThesis/nkhThesis-AUT-UTP/build-processDir-Desktop-Release/processDir)
==10394==    by 0x405035: domainTransformFilter(cv::Mat&, cv::Mat&, cv::Mat&, double, double, int) (in /home/navid/nkhThesis/nkhThesis-AUT-UTP/build-processDir-Desktop-Release/processDir)
==10394==    by 0x405493: edgeAwareSmooth(cv::Mat&, cv::Mat&) (in /home/navid/nkhThesis/nkhThesis-AUT-UTP/build-processDir-Desktop-Release/processDir)
==10394==    by 0x40CBBA: nkhMain(boost::filesystem::path, boost::filesystem::path, boost::filesystem::path) (in /home/navid/nkhThesis/nkhThesis-AUT-UTP/build-processDir-Desktop-Release/processDir)
==10394==    by 0x403DB9: main (in /home/navid/nkhThesis/nkhThesis-AUT-UTP/build-processDir-Desktop-Release/processDir)
==10394== 
==10394== Conditional jump or move depends on uninitialised value(s)
==10394==    at 0x874D9E0: pow (w_pow.c:58)
==10394==    by 0x40444D: recursiveFilterVertical(cv::Mat&, cv::Mat&, double) (in /home/navid/nkhThesis/nkhThesis-AUT-UTP/build-processDir-Desktop-Release/processDir)
==10394==    by 0x405035: domainTransformFilter(cv::Mat&, cv::Mat&, cv::Mat&, double, double, int) (in /home/navid/nkhThesis/nkhThesis-AUT-UTP/build-processDir-Desktop-Release/processDir)
==10394==    by 0x405493: edgeAwareSmooth(cv::Mat&, cv::Mat&) (in /home/navid/nkhThesis/nkhThesis-AUT-UTP/build-processDir-Desktop-Release/processDir)
==10394==    by 0x40CBBA: nkhMain(boost::filesystem::path, boost::filesystem::path, boost::filesystem::path) (in /home/navid/nkhThesis/nkhThesis-AUT-UTP/build-processDir-Desktop-Release/processDir)
==10394==    by 0x403DB9: main (in /home/navid/nkhThesis/nkhThesis-AUT-UTP/build-processDir-Desktop-Release/processDir)
==10394== 
==10394== Conditional jump or move depends on uninitialised value(s)
==10394==    at 0x874DA30: pow (w_pow.c:58)
==10394==    by 0x40444D: recursiveFilterVertical(cv::Mat&, cv::Mat&, double) (in /home/navid/nkhThesis/nkhThesis-AUT-UTP/build-processDir-Desktop-Release/processDir)
==10394==    by 0x405035: domainTransformFilter(cv::Mat&, cv::Mat&, cv::Mat&, double, double, int) (in /home/navid/nkhThesis/nkhThesis-AUT-UTP/build-processDir-Desktop-Release/processDir)
==10394==    by 0x405493: edgeAwareSmooth(cv::Mat&, cv::Mat&) (in /home/navid/nkhThesis/nkhThesis-AUT-UTP/build-processDir-Desktop-Release/processDir)
==10394==    by 0x40CBBA: nkhMain(boost::filesystem::path, boost::filesystem::path, boost::filesystem::path) (in /home/navid/nkhThesis/nkhThesis-AUT-UTP/build-processDir-Desktop-Release/processDir)
==10394==    by 0x403DB9: main (in /home/navid/nkhThesis/nkhThesis-AUT-UTP/build-processDir-Desktop-Release/processDir)
==10394== 
==10394== Conditional jump or move depends on uninitialised value(s)
==10394==    at 0x873C119: __ieee754_pow_sse2 (e_pow.c:77)
==10394==    by 0x874D9AB: pow (w_pow.c:27)
==10394==    by 0x40444D: recursiveFilterVertical(cv::Mat&, cv::Mat&, double) (in /home/navid/nkhThesis/nkhThesis-AUT-UTP/build-processDir-Desktop-Release/processDir)
==10394==    by 0x405035: domainTransformFilter(cv::Mat&, cv::Mat&, cv::Mat&, double, double, int) (in /home/navid/nkhThesis/nkhThesis-AUT-UTP/build-processDir-Desktop-Release/processDir)
==10394==    by 0x405493: edgeAwareSmooth(cv::Mat&, cv::Mat&) (in /home/navid/nkhThesis/nkhThesis-AUT-UTP/build-processDir-Desktop-Release/processDir)
==10394==    by 0x40CBBA: nkhMain(boost::filesystem::path, boost::filesystem::path, boost::filesystem::path) (in /home/navid/nkhThesis/nkhThesis-AUT-UTP/build-processDir-Desktop-Release/processDir)
==10394==    by 0x403DB9: main (in /home/navid/nkhThesis/nkhThesis-AUT-UTP/build-processDir-Desktop-Release/processDir)
==10394== 
==10394== Conditional jump or move depends on uninitialised value(s)
==10394==    at 0x873C234: __ieee754_pow_sse2 (e_pow.c:77)
==10394==    by 0x874D9AB: pow (w_pow.c:27)
==10394==    by 0x40444D: recursiveFilterVertical(cv::Mat&, cv::Mat&, double) (in /home/navid/nkhThesis/nkhThesis-AUT-UTP/build-processDir-Desktop-Release/processDir)
==10394==    by 0x405035: domainTransformFilter(cv::Mat&, cv::Mat&, cv::Mat&, double, double, int) (in /home/navid/nkhThesis/nkhThesis-AUT-UTP/build-processDir-Desktop-Release/processDir)
==10394==    by 0x405493: edgeAwareSmooth(cv::Mat&, cv::Mat&) (in /home/navid/nkhThesis/nkhThesis-AUT-UTP/build-processDir-Desktop-Release/processDir)
==10394==    by 0x40CBBA: nkhMain(boost::filesystem::path, boost::filesystem::path, boost::filesystem::path) (in /home/navid/nkhThesis/nkhThesis-AUT-UTP/build-processDir-Desktop-Release/processDir)
==10394==    by 0x403DB9: main (in /home/navid/nkhThesis/nkhThesis-AUT-UTP/build-processDir-Desktop-Release/processDir)
==10394== 
==10394== Conditional jump or move depends on uninitialised value(s)
==10394==    at 0x35DB24CA: ??? (in /usr/lib/x86_64-linux-gnu/libgtk-x11-2.0.so.0.2400.23)
==10394==    by 0xB1F95E6: ??? (in /usr/lib/x86_64-linux-gnu/libgobject-2.0.so.0.4002.0)
==10394==    by 0xB212087: g_signal_emit_valist (in /usr/lib/x86_64-linux-gnu/libgobject-2.0.so.0.4002.0)
==10394==    by 0xB213211: g_signal_emit_by_name (in /usr/lib/x86_64-linux-gnu/libgobject-2.0.so.0.4002.0)
==10394==    by 0xB200B38: g_object_set_valist (in /usr/lib/x86_64-linux-gnu/libgobject-2.0.so.0.4002.0)
==10394==    by 0xB201396: g_object_set (in /usr/lib/x86_64-linux-gnu/libgobject-2.0.so.0.4002.0)
==10394==    by 0xA462EE5: ??? (in /usr/lib/x86_64-linux-gnu/libQt5Widgets.so.5.2.1)
==10394==    by 0xA3E607C: QStyleFactory::create(QString const&) (in /usr/lib/x86_64-linux-gnu/libQt5Widgets.so.5.2.1)
==10394==    by 0xA38598B: QApplication::style() (in /usr/lib/x86_64-linux-gnu/libQt5Widgets.so.5.2.1)
==10394==    by 0xA385CE4: QApplicationPrivate::initialize() (in /usr/lib/x86_64-linux-gnu/libQt5Widgets.so.5.2.1)
==10394==    by 0xA385D32: QApplicationPrivate::construct() (in /usr/lib/x86_64-linux-gnu/libQt5Widgets.so.5.2.1)
==10394==    by 0x52789AF: GuiReceiver::GuiReceiver() (in /usr/local/lib/libopencv_highgui.so.3.0.0)
==10394== 
==10394== Conditional jump or move depends on uninitialised value(s)
==10394==    at 0xB4B0320: g_utf8_offset_to_pointer (in /lib/x86_64-linux-gnu/libglib-2.0.so.0.4002.0)
==10394==    by 0x35DB56B0: ??? (in /usr/lib/x86_64-linux-gnu/libgtk-x11-2.0.so.0.2400.23)
==10394==    by 0x35DB5C3D: ??? (in /usr/lib/x86_64-linux-gnu/libgtk-x11-2.0.so.0.2400.23)
==10394==    by 0x35DB5F2E: ??? (in /usr/lib/x86_64-linux-gnu/libgtk-x11-2.0.so.0.2400.23)
==10394==    by 0xB1F93B7: g_closure_invoke (in /usr/lib/x86_64-linux-gnu/libgobject-2.0.so.0.4002.0)
==10394==    by 0xB20A556: ??? (in /usr/lib/x86_64-linux-gnu/libgobject-2.0.so.0.4002.0)
==10394==    by 0xB212A28: g_signal_emit_valist (in /usr/lib/x86_64-linux-gnu/libgobject-2.0.so.0.4002.0)
==10394==    by 0xB212CE1: g_signal_emit (in /usr/lib/x86_64-linux-gnu/libgobject-2.0.so.0.4002.0)
==10394==    by 0x35F3966F: gtk_widget_realize (in /usr/lib/x86_64-linux-gnu/libgtk-x11-2.0.so.0.2400.23)
==10394==    by 0x35F3A947: gtk_widget_set_parent (in /usr/lib/x86_64-linux-gnu/libgtk-x11-2.0.so.0.2400.23)
==10394==    by 0x35DE35C2: gtk_fixed_put (in /usr/lib/x86_64-linux-gnu/libgtk-x11-2.0.so.0.2400.23)
==10394==    by 0xB1FC486: g_cclosure_marshal_VOID__OBJECTv (in /usr/lib/x86_64-linux-gnu/libgobject-2.0.so.0.4002.0)
==10394== 
==10394== Conditional jump or move depends on uninitialised value(s)
==10394==    at 0xB4B034F: g_utf8_offset_to_pointer (in /lib/x86_64-linux-gnu/libglib-2.0.so.0.4002.0)
==10394==    by 0x35DB56B0: ??? (in /usr/lib/x86_64-linux-gnu/libgtk-x11-2.0.so.0.2400.23)
==10394==    by 0x35DB5C3D: ??? (in /usr/lib/x86_64-linux-gnu/libgtk-x11-2.0.so.0.2400.23)
==10394==    by 0x35DB5F2E: ??? (in /usr/lib/x86_64-linux-gnu/libgtk-x11-2.0.so.0.2400.23)
==10394==    by 0xB1F93B7: g_closure_invoke (in /usr/lib/x86_64-linux-gnu/libgobject-2.0.so.0.4002.0)
==10394==    by 0xB20A556: ??? (in /usr/lib/x86_64-linux-gnu/libgobject-2.0.so.0.4002.0)
==10394==    by 0xB212A28: g_signal_emit_valist (in /usr/lib/x86_64-linux-gnu/libgobject-2.0.so.0.4002.0)
==10394==    by 0xB212CE1: g_signal_emit (in /usr/lib/x86_64-linux-gnu/libgobject-2.0.so.0.4002.0)
==10394==    by 0x35F3966F: gtk_widget_realize (in /usr/lib/x86_64-linux-gnu/libgtk-x11-2.0.so.0.2400.23)
==10394==    by 0x35F3A947: gtk_widget_set_parent (in /usr/lib/x86_64-linux-gnu/libgtk-x11-2.0.so.0.2400.23)
==10394==    by 0x35DE35C2: gtk_fixed_put (in /usr/lib/x86_64-linux-gnu/libgtk-x11-2.0.so.0.2400.23)
==10394==    by 0xB1FC486: g_cclosure_marshal_VOID__OBJECTv (in /usr/lib/x86_64-linux-gnu/libgobject-2.0.so.0.4002.0)
==10394== 
init done 
opengl support available 
==10394== Conditional jump or move depends on uninitialised value(s)
==10394==    at 0x4C2E0E9: strlen (in /usr/lib/valgrind/vgpreload_memcheck-amd64-linux.so)
==10394==    by 0x84DED34: std::basic_string<char, std::char_traits<char>, std::allocator<char> >::basic_string(char const*, std::allocator<char> const&) (in /usr/lib/x86_64-linux-gnu/libstdc++.so.6.0.19)
==10394==    by 0x4041A2: fpsCalcEnd() (in /home/navid/nkhThesis/nkhThesis-AUT-UTP/build-processDir-Desktop-Release/processDir)
==10394==    by 0x40CC0B: nkhMain(boost::filesystem::path, boost::filesystem::path, boost::filesystem::path) (in /home/navid/nkhThesis/nkhThesis-AUT-UTP/build-processDir-Desktop-Release/processDir)
==10394==    by 0x403DB9: main (in /home/navid/nkhThesis/nkhThesis-AUT-UTP/build-processDir-Desktop-Release/processDir)
==10394== 
==10394== Conditional jump or move depends on uninitialised value(s)
==10394==    at 0x4C2E0F8: strlen (in /usr/lib/valgrind/vgpreload_memcheck-amd64-linux.so)
==10394==    by 0x84DED34: std::basic_string<char, std::char_traits<char>, std::allocator<char> >::basic_string(char const*, std::allocator<char> const&) (in /usr/lib/x86_64-linux-gnu/libstdc++.so.6.0.19)
==10394==    by 0x4041A2: fpsCalcEnd() (in /home/navid/nkhThesis/nkhThesis-AUT-UTP/build-processDir-Desktop-Release/processDir)
==10394==    by 0x40CC0B: nkhMain(boost::filesystem::path, boost::filesystem::path, boost::filesystem::path) (in /home/navid/nkhThesis/nkhThesis-AUT-UTP/build-processDir-Desktop-Release/processDir)
==10394==    by 0x403DB9: main (in /home/navid/nkhThesis/nkhThesis-AUT-UTP/build-processDir-Desktop-Release/processDir)
==10394== 
==10394== Conditional jump or move depends on uninitialised value(s)
==10394==    at 0x873C127: __ieee754_pow_sse2 (e_pow.c:79)
==10394==    by 0x874D9AB: pow (w_pow.c:27)
==10394==    by 0x40444D: recursiveFilterVertical(cv::Mat&, cv::Mat&, double) (in /home/navid/nkhThesis/nkhThesis-AUT-UTP/build-processDir-Desktop-Release/processDir)
==10394==    by 0x405035: domainTransformFilter(cv::Mat&, cv::Mat&, cv::Mat&, double, double, int) (in /home/navid/nkhThesis/nkhThesis-AUT-UTP/build-processDir-Desktop-Release/processDir)
==10394==    by 0x405493: edgeAwareSmooth(cv::Mat&, cv::Mat&) (in /home/navid/nkhThesis/nkhThesis-AUT-UTP/build-processDir-Desktop-Release/processDir)
==10394==    by 0x40CBBA: nkhMain(boost::filesystem::path, boost::filesystem::path, boost::filesystem::path) (in /home/navid/nkhThesis/nkhThesis-AUT-UTP/build-processDir-Desktop-Release/processDir)
==10394==    by 0x403DB9: main (in /home/navid/nkhThesis/nkhThesis-AUT-UTP/build-processDir-Desktop-Release/processDir)
==10394== 
==10394== Conditional jump or move depends on uninitialised value(s)
==10394==    at 0x873C378: __ieee754_pow_sse2 (e_pow.c:79)
==10394==    by 0x874D9AB: pow (w_pow.c:27)
==10394==    by 0x40444D: recursiveFilterVertical(cv::Mat&, cv::Mat&, double) (in /home/navid/nkhThesis/nkhThesis-AUT-UTP/build-processDir-Desktop-Release/processDir)
==10394==    by 0x405035: domainTransformFilter(cv::Mat&, cv::Mat&, cv::Mat&, double, double, int) (in /home/navid/nkhThesis/nkhThesis-AUT-UTP/build-processDir-Desktop-Release/processDir)
==10394==    by 0x405493: edgeAwareSmooth(cv::Mat&, cv::Mat&) (in /home/navid/nkhThesis/nkhThesis-AUT-UTP/build-processDir-Desktop-Release/processDir)
==10394==    by 0x40CBBA: nkhMain(boost::filesystem::path, boost::filesystem::path, boost::filesystem::path) (in /home/navid/nkhThesis/nkhThesis-AUT-UTP/build-processDir-Desktop-Release/processDir)
==10394==    by 0x403DB9: main (in /home/navid/nkhThesis/nkhThesis-AUT-UTP/build-processDir-Desktop-Release/processDir)
==10394== 
==10394== Conditional jump or move depends on uninitialised value(s)
==10394==    at 0x873C135: __ieee754_pow_sse2 (e_pow.c:81)
==10394==    by 0x874D9AB: pow (w_pow.c:27)
==10394==    by 0x40444D: recursiveFilterVertical(cv::Mat&, cv::Mat&, double) (in /home/navid/nkhThesis/nkhThesis-AUT-UTP/build-processDir-Desktop-Release/processDir)
==10394==    by 0x405035: domainTransformFilter(cv::Mat&, cv::Mat&, cv::Mat&, double, double, int) (in /home/navid/nkhThesis/nkhThesis-AUT-UTP/build-processDir-Desktop-Release/processDir)
==10394==    by 0x405493: edgeAwareSmooth(cv::Mat&, cv::Mat&) (in /home/navid/nkhThesis/nkhThesis-AUT-UTP/build-processDir-Desktop-Release/processDir)
==10394==    by 0x40CBBA: nkhMain(boost::filesystem::path, boost::filesystem::path, boost::filesystem::path) (in /home/navid/nkhThesis/nkhThesis-AUT-UTP/build-processDir-Desktop-Release/processDir)
==10394==    by 0x403DB9: main (in /home/navid/nkhThesis/nkhThesis-AUT-UTP/build-processDir-Desktop-Release/processDir)
==10394== 
==10394== Conditional jump or move depends on uninitialised value(s)
==10394==    at 0x873C4E8: __ieee754_pow_sse2 (e_pow.c:81)
==10394==    by 0x874D9AB: pow (w_pow.c:27)
==10394==    by 0x40444D: recursiveFilterVertical(cv::Mat&, cv::Mat&, double) (in /home/navid/nkhThesis/nkhThesis-AUT-UTP/build-processDir-Desktop-Release/processDir)
==10394==    by 0x405035: domainTransformFilter(cv::Mat&, cv::Mat&, cv::Mat&, double, double, int) (in /home/navid/nkhThesis/nkhThesis-AUT-UTP/build-processDir-Desktop-Release/processDir)
==10394==    by 0x405493: edgeAwareSmooth(cv::Mat&, cv::Mat&) (in /home/navid/nkhThesis/nkhThesis-AUT-UTP/build-processDir-Desktop-Release/processDir)
==10394==    by 0x40CBBA: nkhMain(boost::filesystem::path, boost::filesystem::path, boost::filesystem::path) (in /home/navid/nkhThesis/nkhThesis-AUT-UTP/build-processDir-Desktop-Release/processDir)
==10394==    by 0x403DB9: main (in /home/navid/nkhThesis/nkhThesis-AUT-UTP/build-processDir-Desktop-Release/processDir)
==10394== 
==10394== Conditional jump or move depends on uninitialised value(s)
==10394==    at 0x873C143: __ieee754_pow_sse2 (e_pow.c:83)
==10394==    by 0x874D9AB: pow (w_pow.c:27)
==10394==    by 0x40444D: recursiveFilterVertical(cv::Mat&, cv::Mat&, double) (in /home/navid/nkhThesis/nkhThesis-AUT-UTP/build-processDir-Desktop-Release/processDir)
==10394==    by 0x405035: domainTransformFilter(cv::Mat&, cv::Mat&, cv::Mat&, double, double, int) (in /home/navid/nkhThesis/nkhThesis-AUT-UTP/build-processDir-Desktop-Release/processDir)
==10394==    by 0x405493: edgeAwareSmooth(cv::Mat&, cv::Mat&) (in /home/navid/nkhThesis/nkhThesis-AUT-UTP/build-processDir-Desktop-Release/processDir)
==10394==    by 0x40CBBA: nkhMain(boost::filesystem::path, boost::filesystem::path, boost::filesystem::path) (in /home/navid/nkhThesis/nkhThesis-AUT-UTP/build-processDir-Desktop-Release/processDir)
==10394==    by 0x403DB9: main (in /home/navid/nkhThesis/nkhThesis-AUT-UTP/build-processDir-Desktop-Release/processDir)
==10394== 
==10394== Conditional jump or move depends on uninitialised value(s)
==10394==    at 0x873C149: __ieee754_pow_sse2 (e_pow.c:83)
==10394==    by 0x874D9AB: pow (w_pow.c:27)
==10394==    by 0x40444D: recursiveFilterVertical(cv::Mat&, cv::Mat&, double) (in /home/navid/nkhThesis/nkhThesis-AUT-UTP/build-processDir-Desktop-Release/processDir)
==10394==    by 0x405035: domainTransformFilter(cv::Mat&, cv::Mat&, cv::Mat&, double, double, int) (in /home/navid/nkhThesis/nkhThesis-AUT-UTP/build-processDir-Desktop-Release/processDir)
==10394==    by 0x405493: edgeAwareSmooth(cv::Mat&, cv::Mat&) (in /home/navid/nkhThesis/nkhThesis-AUT-UTP/build-processDir-Desktop-Release/processDir)
==10394==    by 0x40CBBA: nkhMain(boost::filesystem::path, boost::filesystem::path, boost::filesystem::path) (in /home/navid/nkhThesis/nkhThesis-AUT-UTP/build-processDir-Desktop-Release/processDir)
==10394==    by 0x403DB9: main (in /home/navid/nkhThesis/nkhThesis-AUT-UTP/build-processDir-Desktop-Release/processDir)
==10394== 
Mean is 1, stdev is: 0
==10394== 
==10394== HEAP SUMMARY:
==10394==     in use at exit: 13,838,639 bytes in 46,899 blocks
==10394==   total heap usage: 124,992 allocs, 78,093 frees, 3,286,560,130 bytes allocated
==10394== 
==10394== LEAK SUMMARY:
==10394==    definitely lost: 11,232 bytes in 64 blocks
==10394==    indirectly lost: 18,335 bytes in 768 blocks
==10394==      possibly lost: 1,333,242 bytes in 1,918 blocks
==10394==    still reachable: 12,193,806 bytes in 43,104 blocks
==10394==         suppressed: 0 bytes in 0 blocks
==10394== Rerun with --leak-check=full to see details of leaked memory
==10394== 
==10394== For counts of detected and suppressed errors, rerun with: -v
==10394== Use --track-origins=yes to see where uninitialised values come from
==10394== ERROR SUMMARY: 1033012 errors from 50 contexts (suppressed: 0 from 0)
