31 was mistaken with 36-31old
so 31.
../../DATA/merged/11.ant.merged : NO_SUCH_FILE_OR_DIR
../../DATA/merged/12.ant.merged : NO_SUCH_FILE_OR_DIR
../../DATA/merged/21.ant.merged : NO_SUCH_FILE_OR_DIR
../../DATA/merged/23.ant.merged : NO_SUCH_FILE_OR_DIR
../../DATA/merged/27.ant.merged : NO_SUCH_FILE_OR_DIR
../../DATA/merged/29.ant.merged : NO_SUCH_FILE_OR_DIR
../../DATA/merged/30.ant.merged : NO_SUCH_FILE_OR_DIR
../../DATA/merged/32-false.ant.merged : NO_SUCH_FILE_OR_DIR
../../DATA/merged/34.ant.merged : NO_SUCH_FILE_OR_DIR
../../DATA/merged/36-31old.ant.merged : NO_SUCH_FILE_OR_DIR
../../DATA/merged/37.ant.merged : NO_SUCH_FILE_OR_DIR
../../DATA/merged/38-occl.ant.merged : NO_SUCH_FILE_OR_DIR
../../DATA/merged/39.ant.merged : NO_SUCH_FILE_OR_DIR
../../DATA/merged/40-falses.ant.merged : NO_SUCH_FILE_OR_DIR
../../DATA/merged/41.ant.merged : NO_SUCH_FILE_OR_DIR
../../DATA/merged/42.ant.merged : NO_SUCH_FILE_OR_DIR
../../DATA/merged/43.ant.merged : NO_SUCH_FILE_OR_DIR
../../DATA/merged/44.ant.merged : NO_SUCH_FILE_OR_DIR
../../DATA/merged/45.ant.merged : NO_SUCH_FILE_OR_DIR
../../DATA/merged/46-false.ant.merged : NO_SUCH_FILE_OR_DIR
../../DATA/merged/47-falsesmall.ant.merged : NO_SUCH_FILE_OR_DIR
../../DATA/merged/49.ant.merged : NO_SUCH_FILE_OR_DIR
../../DATA/merged/50.ant.merged : NO_SUCH_FILE_OR_DIR
../../DATA/merged/51.ant.merged : NO_SUCH_FILE_OR_DIR
../../DATA/merged/52.ant.merged : NO_SUCH_FILE_OR_DIR
../../DATA/merged/53.ant.merged : NO_SUCH_FILE_OR_DIR
../../DATA/merged/54.ant.merged : NO_SUCH_FILE_OR_DIR
../../DATA/merged/55.ant.merged : NO_SUCH_FILE_OR_DIR
../../DATA/merged/56.ant.merged : NO_SUCH_FILE_OR_DIR
../../DATA/merged/57.ant.merged : NO_SUCH_FILE_OR_DIR
../../DATA/merged/58.ant.merged : NO_SUCH_FILE_OR_DIR
../../DATA/merged/59.ant.merged : NO_SUCH_FILE_OR_DIR
../../DATA/merged/60.ant.merged : NO_SUCH_FILE_OR_DIR
../../DATA/merged/61.ant.merged : NO_SUCH_FILE_OR_DIR
../../DATA/merged/62.ant.merged : NO_SUCH_FILE_OR_DIR
../../DATA/merged/63.ant.merged : NO_SUCH_FILE_OR_DIR
../../DATA/merged/64.ant.merged : NO_SUCH_FILE_OR_DIR
../../DATA/merged/65.ant.merged : NO_SUCH_FILE_OR_DIR
../../DATA/merged/66.ant.merged : NO_SUCH_FILE_OR_DIR
../../DATA/merged/67.ant.merged : NO_SUCH_FILE_OR_DIR
../../DATA/merged/69.ant.merged : NO_SUCH_FILE_OR_DIR
../../DATA/merged/6.ant.merged : NO_SUCH_FILE_OR_DIR
../../DATA/merged/70.ant.merged : NO_SUCH_FILE_OR_DIR
../../DATA/merged/71.ant.merged : NO_SUCH_FILE_OR_DIR
../../DATA/merged/72.ant.merged : NO_SUCH_FILE_OR_DIR
../../DATA/merged/73.ant.merged : NO_SUCH_FILE_OR_DIR
../../DATA/merged/74.ant.merged : NO_SUCH_FILE_OR_DIR
../../DATA/merged/75-noway.ant.merged : NO_SUCH_FILE_OR_DIR
../../DATA/merged/76-hard.ant.merged : NO_SUCH_FILE_OR_DIR
../../DATA/merged/78.ant.merged : NO_SUCH_FILE_OR_DIR
../../DATA/merged/80.ant.merged : NO_SUCH_FILE_OR_DIR
../../DATA/merged/81.ant.merged : NO_SUCH_FILE_OR_DIR
../../DATA/merged/82.ant.merged : NO_SUCH_FILE_OR_DIR
../../DATA/merged/83.ant.merged : NO_SUCH_FILE_OR_DIR
../../DATA/merged/84.ant.merged : NO_SUCH_FILE_OR_DIR
../../DATA/merged/85.ant.merged : NO_SUCH_FILE_OR_DIR
../../DATA/merged/86-occl.ant.merged : NO_SUCH_FILE_OR_DIR
../../DATA/merged/87.ant.merged : NO_SUCH_FILE_OR_DIR
../../DATA/merged/88.ant.merged : NO_SUCH_FILE_OR_DIR
../../DATA/merged/89.ant.merged : NO_SUCH_FILE_OR_DIR
../../DATA/merged/90.ant.merged : NO_SUCH_FILE_OR_DIR
../../DATA/merged/91.ant.merged : NO_SUCH_FILE_OR_DIR
../../DATA/merged/92.ant.merged : NO_SUCH_FILE_OR_DIR
../../DATA/merged/93.ant.merged : NO_SUCH_FILE_OR_DIR
../../DATA/merged/94.ant.merged : NO_SUCH_FILE_OR_DIR
../../DATA/merged/95.ant.merged : NO_SUCH_FILE_OR_DIR
../../DATA/merged/96.ant.merged : NO_SUCH_FILE_OR_DIR
../../DATA/merged/97.ant.merged : NO_SUCH_FILE_OR_DIR
../../DATA/merged/9.ant.merged : NO_SUCH_FILE_OR_DIR
